==2186390== Memcheck, a memory error detector
==2186390== Copyright (C) 2002-2017, and GNU GPL'd, by Julian Seward et al.
==2186390== Using Valgrind-3.18.1 and LibVEX; rerun with -h for copyright info
==2186390== Command: ./miniRT_bonus test_scene.rt
==2186390== Parent PID: 2186389
==2186390== 
==2186390== 
==2186390== HEAP SUMMARY:
==2186390==     in use at exit: 544 bytes in 2 blocks
==2186390==   total heap usage: 1,997 allocs, 1,995 frees, 950,504 bytes allocated
==2186390== 
==2186390== 272 bytes in 1 blocks are possibly lost in loss record 1 of 2
==2186390==    at 0x484DA83: calloc (in /usr/libexec/valgrind/vgpreload_memcheck-amd64-linux.so)
==2186390==    by 0x40147D9: calloc (rtld-malloc.h:44)
==2186390==    by 0x40147D9: allocate_dtv (dl-tls.c:375)
==2186390==    by 0x40147D9: _dl_allocate_tls (dl-tls.c:634)
==2186390==    by 0x4B427B4: allocate_stack (allocatestack.c:430)
==2186390==    by 0x4B427B4: pthread_create@@GLIBC_2.34 (pthread_create.c:647)
==2186390==    by 0x40BA4A: multi_threading (multi_threading.c:106)
==2186390==    by 0x40CA75: render (render.c:49)
==2186390==    by 0x40DCA7: main (main.c:80)
==2186390== 
==2186390== 272 bytes in 1 blocks are possibly lost in loss record 2 of 2
==2186390==    at 0x484DA83: calloc (in /usr/libexec/valgrind/vgpreload_memcheck-amd64-linux.so)
==2186390==    by 0x40147D9: calloc (rtld-malloc.h:44)
==2186390==    by 0x40147D9: allocate_dtv (dl-tls.c:375)
==2186390==    by 0x40147D9: _dl_allocate_tls (dl-tls.c:634)
==2186390==    by 0x4B427B4: allocate_stack (allocatestack.c:430)
==2186390==    by 0x4B427B4: pthread_create@@GLIBC_2.34 (pthread_create.c:647)
==2186390==    by 0x40BAB2: multi_threading (multi_threading.c:110)
==2186390==    by 0x40CA75: render (render.c:49)
==2186390==    by 0x40DCA7: main (main.c:80)
==2186390== 
==2186390== LEAK SUMMARY:
==2186390==    definitely lost: 0 bytes in 0 blocks
==2186390==    indirectly lost: 0 bytes in 0 blocks
==2186390==      possibly lost: 544 bytes in 2 blocks
==2186390==    still reachable: 0 bytes in 0 blocks
==2186390==         suppressed: 0 bytes in 0 blocks
==2186390== 
==2186390== For lists of detected and suppressed errors, rerun with: -s
==2186390== ERROR SUMMARY: 2 errors from 2 contexts (suppressed: 1 from 1)
